<?xml version="1.0" encoding="UTF-8"?>
<testsuite xmlns:xsi="http://www.w3.org/2001/XMLSchema-instance" xsi:noNamespaceSchemaLocation="https://maven.apache.org/surefire/maven-surefire-plugin/xsd/surefire-test-report.xsd" name="com.shin.AppTest" time="0.083" tests="1" errors="0" skipped="0" failures="0">
  <properties>
    <property name="java.specification.version" value="17"/>
    <property name="sun.jnu.encoding" value="UTF-8"/>
    <property name="java.class.path" value="/workspaces/JavaMap/javamap_project/target/test-classes:/workspaces/JavaMap/javamap_project/target/classes:/home/vscode/.m2/repository/junit/junit/4.11/junit-4.11.jar:/home/vscode/.m2/repository/org/hamcrest/hamcrest-core/1.3/hamcrest-core-1.3.jar:/home/vscode/.m2/repository/org/bytedeco/javacv-platform/1.4.2/javacv-platform-1.4.2.jar:/home/vscode/.m2/repository/org/bytedeco/javacv/1.4.2/javacv-1.4.2.jar:/home/vscode/.m2/repository/org/bytedeco/javacpp/1.4.2/javacpp-1.4.2.jar:/home/vscode/.m2/repository/org/bytedeco/javacpp-presets/flycapture/2.11.3.121-1.4.2/flycapture-2.11.3.121-1.4.2.jar:/home/vscode/.m2/repository/org/bytedeco/javacpp-presets/libdc1394/2.2.5-1.4.2/libdc1394-2.2.5-1.4.2.jar:/home/vscode/.m2/repository/org/bytedeco/javacpp-presets/libfreenect/0.5.3-1.4.2/libfreenect-0.5.3-1.4.2.jar:/home/vscode/.m2/repository/org/bytedeco/javacpp-presets/libfreenect2/0.2.0-1.4.2/libfreenect2-0.2.0-1.4.2.jar:/home/vscode/.m2/repository/org/bytedeco/javacpp-presets/librealsense/1.12.1-1.4.2/librealsense-1.12.1-1.4.2.jar:/home/vscode/.m2/repository/org/bytedeco/javacpp-presets/videoinput/0.200-1.4.2/videoinput-0.200-1.4.2.jar:/home/vscode/.m2/repository/org/bytedeco/javacpp-presets/artoolkitplus/2.3.1-1.4.2/artoolkitplus-2.3.1-1.4.2.jar:/home/vscode/.m2/repository/org/bytedeco/javacpp-presets/flandmark/1.07-1.4.2/flandmark-1.07-1.4.2.jar:/home/vscode/.m2/repository/org/bytedeco/javacpp-presets/leptonica/1.76.0-1.4.2/leptonica-1.76.0-1.4.2.jar:/home/vscode/.m2/repository/org/bytedeco/javacpp-presets/tesseract/4.0.0-beta.3-1.4.2/tesseract-4.0.0-beta.3-1.4.2.jar:/home/vscode/.m2/repository/org/bytedeco/javacpp-presets/flycapture-platform/2.11.3.121-1.4.2/flycapture-platform-2.11.3.121-1.4.2.jar:/home/vscode/.m2/repository/org/bytedeco/javacpp-presets/flycapture/2.11.3.121-1.4.2/flycapture-2.11.3.121-1.4.2-linux-x86.jar:/home/vscode/.m2/repository/org/bytedeco/javacpp-presets/flycapture/2.11.3.121-1.4.2/flycapture-2.11.3.121-1.4.2-linux-x86_64.jar:/home/vscode/.m2/repository/org/bytedeco/javacpp-presets/flycapture/2.11.3.121-1.4.2/flycapture-2.11.3.121-1.4.2-linux-armhf.jar:/home/vscode/.m2/repository/org/bytedeco/javacpp-presets/flycapture/2.11.3.121-1.4.2/flycapture-2.11.3.121-1.4.2-windows-x86.jar:/home/vscode/.m2/repository/org/bytedeco/javacpp-presets/flycapture/2.11.3.121-1.4.2/flycapture-2.11.3.121-1.4.2-windows-x86_64.jar:/home/vscode/.m2/repository/org/bytedeco/javacpp-presets/libdc1394-platform/2.2.5-1.4.2/libdc1394-platform-2.2.5-1.4.2.jar:/home/vscode/.m2/repository/org/bytedeco/javacpp-presets/libdc1394/2.2.5-1.4.2/libdc1394-2.2.5-1.4.2-linux-x86.jar:/home/vscode/.m2/repository/org/bytedeco/javacpp-presets/libdc1394/2.2.5-1.4.2/libdc1394-2.2.5-1.4.2-linux-x86_64.jar:/home/vscode/.m2/repository/org/bytedeco/javacpp-presets/libdc1394/2.2.5-1.4.2/libdc1394-2.2.5-1.4.2-linux-armhf.jar:/home/vscode/.m2/repository/org/bytedeco/javacpp-presets/libdc1394/2.2.5-1.4.2/libdc1394-2.2.5-1.4.2-linux-ppc64le.jar:/home/vscode/.m2/repository/org/bytedeco/javacpp-presets/libdc1394/2.2.5-1.4.2/libdc1394-2.2.5-1.4.2-macosx-x86_64.jar:/home/vscode/.m2/repository/org/bytedeco/javacpp-presets/libdc1394/2.2.5-1.4.2/libdc1394-2.2.5-1.4.2-windows-x86.jar:/home/vscode/.m2/repository/org/bytedeco/javacpp-presets/libdc1394/2.2.5-1.4.2/libdc1394-2.2.5-1.4.2-windows-x86_64.jar:/home/vscode/.m2/repository/org/bytedeco/javacpp-presets/libfreenect-platform/0.5.3-1.4.2/libfreenect-platform-0.5.3-1.4.2.jar:/home/vscode/.m2/repository/org/bytedeco/javacpp-presets/libfreenect/0.5.3-1.4.2/libfreenect-0.5.3-1.4.2-linux-x86.jar:/home/vscode/.m2/repository/org/bytedeco/javacpp-presets/libfreenect/0.5.3-1.4.2/libfreenect-0.5.3-1.4.2-linux-x86_64.jar:/home/vscode/.m2/repository/org/bytedeco/javacpp-presets/libfreenect/0.5.3-1.4.2/libfreenect-0.5.3-1.4.2-linux-armhf.jar:/home/vscode/.m2/repository/org/bytedeco/javacpp-presets/libfreenect/0.5.3-1.4.2/libfreenect-0.5.3-1.4.2-linux-ppc64le.jar:/home/vscode/.m2/repository/org/bytedeco/javacpp-presets/libfreenect/0.5.3-1.4.2/libfreenect-0.5.3-1.4.2-macosx-x86_64.jar:/home/vscode/.m2/repository/org/bytedeco/javacpp-presets/libfreenect/0.5.3-1.4.2/libfreenect-0.5.3-1.4.2-windows-x86.jar:/home/vscode/.m2/repository/org/bytedeco/javacpp-presets/libfreenect/0.5.3-1.4.2/libfreenect-0.5.3-1.4.2-windows-x86_64.jar:/home/vscode/.m2/repository/org/bytedeco/javacpp-presets/libfreenect2-platform/0.2.0-1.4.2/libfreenect2-platform-0.2.0-1.4.2.jar:/home/vscode/.m2/repository/org/bytedeco/javacpp-presets/libfreenect2/0.2.0-1.4.2/libfreenect2-0.2.0-1.4.2-linux-x86.jar:/home/vscode/.m2/repository/org/bytedeco/javacpp-presets/libfreenect2/0.2.0-1.4.2/libfreenect2-0.2.0-1.4.2-linux-x86_64.jar:/home/vscode/.m2/repository/org/bytedeco/javacpp-presets/libfreenect2/0.2.0-1.4.2/libfreenect2-0.2.0-1.4.2-macosx-x86_64.jar:/home/vscode/.m2/repository/org/bytedeco/javacpp-presets/libfreenect2/0.2.0-1.4.2/libfreenect2-0.2.0-1.4.2-windows-x86_64.jar:/home/vscode/.m2/repository/org/bytedeco/javacpp-presets/librealsense-platform/1.12.1-1.4.2/librealsense-platform-1.12.1-1.4.2.jar:/home/vscode/.m2/repository/org/bytedeco/javacpp-presets/librealsense/1.12.1-1.4.2/librealsense-1.12.1-1.4.2-linux-x86.jar:/home/vscode/.m2/repository/org/bytedeco/javacpp-presets/librealsense/1.12.1-1.4.2/librealsense-1.12.1-1.4.2-linux-x86_64.jar:/home/vscode/.m2/repository/org/bytedeco/javacpp-presets/librealsense/1.12.1-1.4.2/librealsense-1.12.1-1.4.2-macosx-x86_64.jar:/home/vscode/.m2/repository/org/bytedeco/javacpp-presets/librealsense/1.12.1-1.4.2/librealsense-1.12.1-1.4.2-windows-x86.jar:/home/vscode/.m2/repository/org/bytedeco/javacpp-presets/librealsense/1.12.1-1.4.2/librealsense-1.12.1-1.4.2-windows-x86_64.jar:/home/vscode/.m2/repository/org/bytedeco/javacpp-presets/videoinput-platform/0.200-1.4.2/videoinput-platform-0.200-1.4.2.jar:/home/vscode/.m2/repository/org/bytedeco/javacpp-presets/videoinput/0.200-1.4.2/videoinput-0.200-1.4.2-windows-x86.jar:/home/vscode/.m2/repository/org/bytedeco/javacpp-presets/videoinput/0.200-1.4.2/videoinput-0.200-1.4.2-windows-x86_64.jar:/home/vscode/.m2/repository/org/bytedeco/javacpp-presets/artoolkitplus-platform/2.3.1-1.4.2/artoolkitplus-platform-2.3.1-1.4.2.jar:/home/vscode/.m2/repository/org/bytedeco/javacpp-presets/artoolkitplus/2.3.1-1.4.2/artoolkitplus-2.3.1-1.4.2-android-arm.jar:/home/vscode/.m2/repository/org/bytedeco/javacpp-presets/artoolkitplus/2.3.1-1.4.2/artoolkitplus-2.3.1-1.4.2-android-arm64.jar:/home/vscode/.m2/repository/org/bytedeco/javacpp-presets/artoolkitplus/2.3.1-1.4.2/artoolkitplus-2.3.1-1.4.2-android-x86.jar:/home/vscode/.m2/repository/org/bytedeco/javacpp-presets/artoolkitplus/2.3.1-1.4.2/artoolkitplus-2.3.1-1.4.2-android-x86_64.jar:/home/vscode/.m2/repository/org/bytedeco/javacpp-presets/artoolkitplus/2.3.1-1.4.2/artoolkitplus-2.3.1-1.4.2-linux-x86.jar:/home/vscode/.m2/repository/org/bytedeco/javacpp-presets/artoolkitplus/2.3.1-1.4.2/artoolkitplus-2.3.1-1.4.2-linux-x86_64.jar:/home/vscode/.m2/repository/org/bytedeco/javacpp-presets/artoolkitplus/2.3.1-1.4.2/artoolkitplus-2.3.1-1.4.2-linux-armhf.jar:/home/vscode/.m2/repository/org/bytedeco/javacpp-presets/artoolkitplus/2.3.1-1.4.2/artoolkitplus-2.3.1-1.4.2-linux-ppc64le.jar:/home/vscode/.m2/repository/org/bytedeco/javacpp-presets/artoolkitplus/2.3.1-1.4.2/artoolkitplus-2.3.1-1.4.2-macosx-x86_64.jar:/home/vscode/.m2/repository/org/bytedeco/javacpp-presets/artoolkitplus/2.3.1-1.4.2/artoolkitplus-2.3.1-1.4.2-windows-x86.jar:/home/vscode/.m2/repository/org/bytedeco/javacpp-presets/artoolkitplus/2.3.1-1.4.2/artoolkitplus-2.3.1-1.4.2-windows-x86_64.jar:/home/vscode/.m2/repository/org/bytedeco/javacpp-presets/flandmark-platform/1.07-1.4.2/flandmark-platform-1.07-1.4.2.jar:/home/vscode/.m2/repository/org/bytedeco/javacpp-presets/flandmark/1.07-1.4.2/flandmark-1.07-1.4.2-android-arm.jar:/home/vscode/.m2/repository/org/bytedeco/javacpp-presets/flandmark/1.07-1.4.2/flandmark-1.07-1.4.2-android-arm64.jar:/home/vscode/.m2/repository/org/bytedeco/javacpp-presets/flandmark/1.07-1.4.2/flandmark-1.07-1.4.2-android-x86.jar:/home/vscode/.m2/repository/org/bytedeco/javacpp-presets/flandmark/1.07-1.4.2/flandmark-1.07-1.4.2-android-x86_64.jar:/home/vscode/.m2/repository/org/bytedeco/javacpp-presets/flandmark/1.07-1.4.2/flandmark-1.07-1.4.2-linux-x86.jar:/home/vscode/.m2/repository/org/bytedeco/javacpp-presets/flandmark/1.07-1.4.2/flandmark-1.07-1.4.2-linux-x86_64.jar:/home/vscode/.m2/repository/org/bytedeco/javacpp-presets/flandmark/1.07-1.4.2/flandmark-1.07-1.4.2-linux-armhf.jar:/home/vscode/.m2/repository/org/bytedeco/javacpp-presets/flandmark/1.07-1.4.2/flandmark-1.07-1.4.2-linux-ppc64le.jar:/home/vscode/.m2/repository/org/bytedeco/javacpp-presets/flandmark/1.07-1.4.2/flandmark-1.07-1.4.2-macosx-x86_64.jar:/home/vscode/.m2/repository/org/bytedeco/javacpp-presets/flandmark/1.07-1.4.2/flandmark-1.07-1.4.2-windows-x86.jar:/home/vscode/.m2/repository/org/bytedeco/javacpp-presets/flandmark/1.07-1.4.2/flandmark-1.07-1.4.2-windows-x86_64.jar:/home/vscode/.m2/repository/org/bytedeco/javacpp-presets/leptonica-platform/1.76.0-1.4.2/leptonica-platform-1.76.0-1.4.2.jar:/home/vscode/.m2/repository/org/bytedeco/javacpp-presets/leptonica/1.76.0-1.4.2/leptonica-1.76.0-1.4.2-android-arm.jar:/home/vscode/.m2/repository/org/bytedeco/javacpp-presets/leptonica/1.76.0-1.4.2/leptonica-1.76.0-1.4.2-android-arm64.jar:/home/vscode/.m2/repository/org/bytedeco/javacpp-presets/leptonica/1.76.0-1.4.2/leptonica-1.76.0-1.4.2-android-x86.jar:/home/vscode/.m2/repository/org/bytedeco/javacpp-presets/leptonica/1.76.0-1.4.2/leptonica-1.76.0-1.4.2-android-x86_64.jar:/home/vscode/.m2/repository/org/bytedeco/javacpp-presets/leptonica/1.76.0-1.4.2/leptonica-1.76.0-1.4.2-linux-x86.jar:/home/vscode/.m2/repository/org/bytedeco/javacpp-presets/leptonica/1.76.0-1.4.2/leptonica-1.76.0-1.4.2-linux-x86_64.jar:/home/vscode/.m2/repository/org/bytedeco/javacpp-presets/leptonica/1.76.0-1.4.2/leptonica-1.76.0-1.4.2-linux-armhf.jar:/home/vscode/.m2/repository/org/bytedeco/javacpp-presets/leptonica/1.76.0-1.4.2/leptonica-1.76.0-1.4.2-linux-ppc64le.jar:/home/vscode/.m2/repository/org/bytedeco/javacpp-presets/leptonica/1.76.0-1.4.2/leptonica-1.76.0-1.4.2-macosx-x86_64.jar:/home/vscode/.m2/repository/org/bytedeco/javacpp-presets/leptonica/1.76.0-1.4.2/leptonica-1.76.0-1.4.2-windows-x86.jar:/home/vscode/.m2/repository/org/bytedeco/javacpp-presets/leptonica/1.76.0-1.4.2/leptonica-1.76.0-1.4.2-windows-x86_64.jar:/home/vscode/.m2/repository/org/bytedeco/javacpp-presets/tesseract-platform/4.0.0-beta.3-1.4.2/tesseract-platform-4.0.0-beta.3-1.4.2.jar:/home/vscode/.m2/repository/org/bytedeco/javacpp-presets/tesseract/4.0.0-beta.3-1.4.2/tesseract-4.0.0-beta.3-1.4.2-android-arm.jar:/home/vscode/.m2/repository/org/bytedeco/javacpp-presets/tesseract/4.0.0-beta.3-1.4.2/tesseract-4.0.0-beta.3-1.4.2-android-arm64.jar:/home/vscode/.m2/repository/org/bytedeco/javacpp-presets/tesseract/4.0.0-beta.3-1.4.2/tesseract-4.0.0-beta.3-1.4.2-android-x86.jar:/home/vscode/.m2/repository/org/bytedeco/javacpp-presets/tesseract/4.0.0-beta.3-1.4.2/tesseract-4.0.0-beta.3-1.4.2-android-x86_64.jar:/home/vscode/.m2/repository/org/bytedeco/javacpp-presets/tesseract/4.0.0-beta.3-1.4.2/tesseract-4.0.0-beta.3-1.4.2-linux-x86.jar:/home/vscode/.m2/repository/org/bytedeco/javacpp-presets/tesseract/4.0.0-beta.3-1.4.2/tesseract-4.0.0-beta.3-1.4.2-linux-x86_64.jar:/home/vscode/.m2/repository/org/bytedeco/javacpp-presets/tesseract/4.0.0-beta.3-1.4.2/tesseract-4.0.0-beta.3-1.4.2-linux-armhf.jar:/home/vscode/.m2/repository/org/bytedeco/javacpp-presets/tesseract/4.0.0-beta.3-1.4.2/tesseract-4.0.0-beta.3-1.4.2-linux-ppc64le.jar:/home/vscode/.m2/repository/org/bytedeco/javacpp-presets/tesseract/4.0.0-beta.3-1.4.2/tesseract-4.0.0-beta.3-1.4.2-macosx-x86_64.jar:/home/vscode/.m2/repository/org/bytedeco/javacpp-presets/tesseract/4.0.0-beta.3-1.4.2/tesseract-4.0.0-beta.3-1.4.2-windows-x86.jar:/home/vscode/.m2/repository/org/bytedeco/javacpp-presets/tesseract/4.0.0-beta.3-1.4.2/tesseract-4.0.0-beta.3-1.4.2-windows-x86_64.jar:/home/vscode/.m2/repository/org/bytedeco/javacpp-presets/opencv-platform/3.4.2-1.4.2/opencv-platform-3.4.2-1.4.2.jar:/home/vscode/.m2/repository/org/bytedeco/javacpp-presets/opencv/3.4.2-1.4.2/opencv-3.4.2-1.4.2.jar:/home/vscode/.m2/repository/org/bytedeco/javacpp-presets/opencv/3.4.2-1.4.2/opencv-3.4.2-1.4.2-android-arm.jar:/home/vscode/.m2/repository/org/bytedeco/javacpp-presets/opencv/3.4.2-1.4.2/opencv-3.4.2-1.4.2-android-arm64.jar:/home/vscode/.m2/repository/org/bytedeco/javacpp-presets/opencv/3.4.2-1.4.2/opencv-3.4.2-1.4.2-android-x86.jar:/home/vscode/.m2/repository/org/bytedeco/javacpp-presets/opencv/3.4.2-1.4.2/opencv-3.4.2-1.4.2-android-x86_64.jar:/home/vscode/.m2/repository/org/bytedeco/javacpp-presets/opencv/3.4.2-1.4.2/opencv-3.4.2-1.4.2-ios-arm64.jar:/home/vscode/.m2/repository/org/bytedeco/javacpp-presets/opencv/3.4.2-1.4.2/opencv-3.4.2-1.4.2-ios-x86_64.jar:/home/vscode/.m2/repository/org/bytedeco/javacpp-presets/opencv/3.4.2-1.4.2/opencv-3.4.2-1.4.2-linux-x86.jar:/home/vscode/.m2/repository/org/bytedeco/javacpp-presets/opencv/3.4.2-1.4.2/opencv-3.4.2-1.4.2-linux-x86_64.jar:/home/vscode/.m2/repository/org/bytedeco/javacpp-presets/opencv/3.4.2-1.4.2/opencv-3.4.2-1.4.2-linux-armhf.jar:/home/vscode/.m2/repository/org/bytedeco/javacpp-presets/opencv/3.4.2-1.4.2/opencv-3.4.2-1.4.2-linux-ppc64le.jar:/home/vscode/.m2/repository/org/bytedeco/javacpp-presets/opencv/3.4.2-1.4.2/opencv-3.4.2-1.4.2-macosx-x86_64.jar:/home/vscode/.m2/repository/org/bytedeco/javacpp-presets/opencv/3.4.2-1.4.2/opencv-3.4.2-1.4.2-windows-x86.jar:/home/vscode/.m2/repository/org/bytedeco/javacpp-presets/opencv/3.4.2-1.4.2/opencv-3.4.2-1.4.2-windows-x86_64.jar:/home/vscode/.m2/repository/org/bytedeco/javacpp-presets/ffmpeg-platform/4.0.1-1.4.2/ffmpeg-platform-4.0.1-1.4.2.jar:/home/vscode/.m2/repository/org/bytedeco/javacpp-presets/ffmpeg/4.0.1-1.4.2/ffmpeg-4.0.1-1.4.2.jar:/home/vscode/.m2/repository/org/bytedeco/javacpp-presets/ffmpeg/4.0.1-1.4.2/ffmpeg-4.0.1-1.4.2-android-arm.jar:/home/vscode/.m2/repository/org/bytedeco/javacpp-presets/ffmpeg/4.0.1-1.4.2/ffmpeg-4.0.1-1.4.2-android-arm64.jar:/home/vscode/.m2/repository/org/bytedeco/javacpp-presets/ffmpeg/4.0.1-1.4.2/ffmpeg-4.0.1-1.4.2-android-x86.jar:/home/vscode/.m2/repository/org/bytedeco/javacpp-presets/ffmpeg/4.0.1-1.4.2/ffmpeg-4.0.1-1.4.2-android-x86_64.jar:/home/vscode/.m2/repository/org/bytedeco/javacpp-presets/ffmpeg/4.0.1-1.4.2/ffmpeg-4.0.1-1.4.2-linux-x86.jar:/home/vscode/.m2/repository/org/bytedeco/javacpp-presets/ffmpeg/4.0.1-1.4.2/ffmpeg-4.0.1-1.4.2-linux-x86_64.jar:/home/vscode/.m2/repository/org/bytedeco/javacpp-presets/ffmpeg/4.0.1-1.4.2/ffmpeg-4.0.1-1.4.2-linux-armhf.jar:/home/vscode/.m2/repository/org/bytedeco/javacpp-presets/ffmpeg/4.0.1-1.4.2/ffmpeg-4.0.1-1.4.2-linux-ppc64le.jar:/home/vscode/.m2/repository/org/bytedeco/javacpp-presets/ffmpeg/4.0.1-1.4.2/ffmpeg-4.0.1-1.4.2-macosx-x86_64.jar:/home/vscode/.m2/repository/org/bytedeco/javacpp-presets/ffmpeg/4.0.1-1.4.2/ffmpeg-4.0.1-1.4.2-windows-x86.jar:/home/vscode/.m2/repository/org/bytedeco/javacpp-presets/ffmpeg/4.0.1-1.4.2/ffmpeg-4.0.1-1.4.2-windows-x86_64.jar:"/>
    <property name="java.vm.vendor" value="Microsoft"/>
    <property name="sun.arch.data.model" value="64"/>
    <property name="java.vendor.url" value="https://www.microsoft.com"/>
    <property name="os.name" value="Linux"/>
    <property name="java.vm.specification.version" value="17"/>
    <property name="sun.java.launcher" value="SUN_STANDARD"/>
    <property name="user.country" value="US"/>
    <property name="sun.boot.library.path" value="/usr/lib/jvm/msopenjdk-current/lib"/>
    <property name="sun.java.command" value="/workspaces/JavaMap/javamap_project/target/surefire/surefirebooter1729566503467284000.jar /workspaces/JavaMap/javamap_project/target/surefire 2024-01-12T19-12-43_562-jvmRun1 surefire9981611123604832576tmp surefire_08984199682180949210tmp"/>
    <property name="jdk.debug" value="release"/>
    <property name="surefire.test.class.path" value="/workspaces/JavaMap/javamap_project/target/test-classes:/workspaces/JavaMap/javamap_project/target/classes:/home/vscode/.m2/repository/junit/junit/4.11/junit-4.11.jar:/home/vscode/.m2/repository/org/hamcrest/hamcrest-core/1.3/hamcrest-core-1.3.jar:/home/vscode/.m2/repository/org/bytedeco/javacv-platform/1.4.2/javacv-platform-1.4.2.jar:/home/vscode/.m2/repository/org/bytedeco/javacv/1.4.2/javacv-1.4.2.jar:/home/vscode/.m2/repository/org/bytedeco/javacpp/1.4.2/javacpp-1.4.2.jar:/home/vscode/.m2/repository/org/bytedeco/javacpp-presets/flycapture/2.11.3.121-1.4.2/flycapture-2.11.3.121-1.4.2.jar:/home/vscode/.m2/repository/org/bytedeco/javacpp-presets/libdc1394/2.2.5-1.4.2/libdc1394-2.2.5-1.4.2.jar:/home/vscode/.m2/repository/org/bytedeco/javacpp-presets/libfreenect/0.5.3-1.4.2/libfreenect-0.5.3-1.4.2.jar:/home/vscode/.m2/repository/org/bytedeco/javacpp-presets/libfreenect2/0.2.0-1.4.2/libfreenect2-0.2.0-1.4.2.jar:/home/vscode/.m2/repository/org/bytedeco/javacpp-presets/librealsense/1.12.1-1.4.2/librealsense-1.12.1-1.4.2.jar:/home/vscode/.m2/repository/org/bytedeco/javacpp-presets/videoinput/0.200-1.4.2/videoinput-0.200-1.4.2.jar:/home/vscode/.m2/repository/org/bytedeco/javacpp-presets/artoolkitplus/2.3.1-1.4.2/artoolkitplus-2.3.1-1.4.2.jar:/home/vscode/.m2/repository/org/bytedeco/javacpp-presets/flandmark/1.07-1.4.2/flandmark-1.07-1.4.2.jar:/home/vscode/.m2/repository/org/bytedeco/javacpp-presets/leptonica/1.76.0-1.4.2/leptonica-1.76.0-1.4.2.jar:/home/vscode/.m2/repository/org/bytedeco/javacpp-presets/tesseract/4.0.0-beta.3-1.4.2/tesseract-4.0.0-beta.3-1.4.2.jar:/home/vscode/.m2/repository/org/bytedeco/javacpp-presets/flycapture-platform/2.11.3.121-1.4.2/flycapture-platform-2.11.3.121-1.4.2.jar:/home/vscode/.m2/repository/org/bytedeco/javacpp-presets/flycapture/2.11.3.121-1.4.2/flycapture-2.11.3.121-1.4.2-linux-x86.jar:/home/vscode/.m2/repository/org/bytedeco/javacpp-presets/flycapture/2.11.3.121-1.4.2/flycapture-2.11.3.121-1.4.2-linux-x86_64.jar:/home/vscode/.m2/repository/org/bytedeco/javacpp-presets/flycapture/2.11.3.121-1.4.2/flycapture-2.11.3.121-1.4.2-linux-armhf.jar:/home/vscode/.m2/repository/org/bytedeco/javacpp-presets/flycapture/2.11.3.121-1.4.2/flycapture-2.11.3.121-1.4.2-windows-x86.jar:/home/vscode/.m2/repository/org/bytedeco/javacpp-presets/flycapture/2.11.3.121-1.4.2/flycapture-2.11.3.121-1.4.2-windows-x86_64.jar:/home/vscode/.m2/repository/org/bytedeco/javacpp-presets/libdc1394-platform/2.2.5-1.4.2/libdc1394-platform-2.2.5-1.4.2.jar:/home/vscode/.m2/repository/org/bytedeco/javacpp-presets/libdc1394/2.2.5-1.4.2/libdc1394-2.2.5-1.4.2-linux-x86.jar:/home/vscode/.m2/repository/org/bytedeco/javacpp-presets/libdc1394/2.2.5-1.4.2/libdc1394-2.2.5-1.4.2-linux-x86_64.jar:/home/vscode/.m2/repository/org/bytedeco/javacpp-presets/libdc1394/2.2.5-1.4.2/libdc1394-2.2.5-1.4.2-linux-armhf.jar:/home/vscode/.m2/repository/org/bytedeco/javacpp-presets/libdc1394/2.2.5-1.4.2/libdc1394-2.2.5-1.4.2-linux-ppc64le.jar:/home/vscode/.m2/repository/org/bytedeco/javacpp-presets/libdc1394/2.2.5-1.4.2/libdc1394-2.2.5-1.4.2-macosx-x86_64.jar:/home/vscode/.m2/repository/org/bytedeco/javacpp-presets/libdc1394/2.2.5-1.4.2/libdc1394-2.2.5-1.4.2-windows-x86.jar:/home/vscode/.m2/repository/org/bytedeco/javacpp-presets/libdc1394/2.2.5-1.4.2/libdc1394-2.2.5-1.4.2-windows-x86_64.jar:/home/vscode/.m2/repository/org/bytedeco/javacpp-presets/libfreenect-platform/0.5.3-1.4.2/libfreenect-platform-0.5.3-1.4.2.jar:/home/vscode/.m2/repository/org/bytedeco/javacpp-presets/libfreenect/0.5.3-1.4.2/libfreenect-0.5.3-1.4.2-linux-x86.jar:/home/vscode/.m2/repository/org/bytedeco/javacpp-presets/libfreenect/0.5.3-1.4.2/libfreenect-0.5.3-1.4.2-linux-x86_64.jar:/home/vscode/.m2/repository/org/bytedeco/javacpp-presets/libfreenect/0.5.3-1.4.2/libfreenect-0.5.3-1.4.2-linux-armhf.jar:/home/vscode/.m2/repository/org/bytedeco/javacpp-presets/libfreenect/0.5.3-1.4.2/libfreenect-0.5.3-1.4.2-linux-ppc64le.jar:/home/vscode/.m2/repository/org/bytedeco/javacpp-presets/libfreenect/0.5.3-1.4.2/libfreenect-0.5.3-1.4.2-macosx-x86_64.jar:/home/vscode/.m2/repository/org/bytedeco/javacpp-presets/libfreenect/0.5.3-1.4.2/libfreenect-0.5.3-1.4.2-windows-x86.jar:/home/vscode/.m2/repository/org/bytedeco/javacpp-presets/libfreenect/0.5.3-1.4.2/libfreenect-0.5.3-1.4.2-windows-x86_64.jar:/home/vscode/.m2/repository/org/bytedeco/javacpp-presets/libfreenect2-platform/0.2.0-1.4.2/libfreenect2-platform-0.2.0-1.4.2.jar:/home/vscode/.m2/repository/org/bytedeco/javacpp-presets/libfreenect2/0.2.0-1.4.2/libfreenect2-0.2.0-1.4.2-linux-x86.jar:/home/vscode/.m2/repository/org/bytedeco/javacpp-presets/libfreenect2/0.2.0-1.4.2/libfreenect2-0.2.0-1.4.2-linux-x86_64.jar:/home/vscode/.m2/repository/org/bytedeco/javacpp-presets/libfreenect2/0.2.0-1.4.2/libfreenect2-0.2.0-1.4.2-macosx-x86_64.jar:/home/vscode/.m2/repository/org/bytedeco/javacpp-presets/libfreenect2/0.2.0-1.4.2/libfreenect2-0.2.0-1.4.2-windows-x86_64.jar:/home/vscode/.m2/repository/org/bytedeco/javacpp-presets/librealsense-platform/1.12.1-1.4.2/librealsense-platform-1.12.1-1.4.2.jar:/home/vscode/.m2/repository/org/bytedeco/javacpp-presets/librealsense/1.12.1-1.4.2/librealsense-1.12.1-1.4.2-linux-x86.jar:/home/vscode/.m2/repository/org/bytedeco/javacpp-presets/librealsense/1.12.1-1.4.2/librealsense-1.12.1-1.4.2-linux-x86_64.jar:/home/vscode/.m2/repository/org/bytedeco/javacpp-presets/librealsense/1.12.1-1.4.2/librealsense-1.12.1-1.4.2-macosx-x86_64.jar:/home/vscode/.m2/repository/org/bytedeco/javacpp-presets/librealsense/1.12.1-1.4.2/librealsense-1.12.1-1.4.2-windows-x86.jar:/home/vscode/.m2/repository/org/bytedeco/javacpp-presets/librealsense/1.12.1-1.4.2/librealsense-1.12.1-1.4.2-windows-x86_64.jar:/home/vscode/.m2/repository/org/bytedeco/javacpp-presets/videoinput-platform/0.200-1.4.2/videoinput-platform-0.200-1.4.2.jar:/home/vscode/.m2/repository/org/bytedeco/javacpp-presets/videoinput/0.200-1.4.2/videoinput-0.200-1.4.2-windows-x86.jar:/home/vscode/.m2/repository/org/bytedeco/javacpp-presets/videoinput/0.200-1.4.2/videoinput-0.200-1.4.2-windows-x86_64.jar:/home/vscode/.m2/repository/org/bytedeco/javacpp-presets/artoolkitplus-platform/2.3.1-1.4.2/artoolkitplus-platform-2.3.1-1.4.2.jar:/home/vscode/.m2/repository/org/bytedeco/javacpp-presets/artoolkitplus/2.3.1-1.4.2/artoolkitplus-2.3.1-1.4.2-android-arm.jar:/home/vscode/.m2/repository/org/bytedeco/javacpp-presets/artoolkitplus/2.3.1-1.4.2/artoolkitplus-2.3.1-1.4.2-android-arm64.jar:/home/vscode/.m2/repository/org/bytedeco/javacpp-presets/artoolkitplus/2.3.1-1.4.2/artoolkitplus-2.3.1-1.4.2-android-x86.jar:/home/vscode/.m2/repository/org/bytedeco/javacpp-presets/artoolkitplus/2.3.1-1.4.2/artoolkitplus-2.3.1-1.4.2-android-x86_64.jar:/home/vscode/.m2/repository/org/bytedeco/javacpp-presets/artoolkitplus/2.3.1-1.4.2/artoolkitplus-2.3.1-1.4.2-linux-x86.jar:/home/vscode/.m2/repository/org/bytedeco/javacpp-presets/artoolkitplus/2.3.1-1.4.2/artoolkitplus-2.3.1-1.4.2-linux-x86_64.jar:/home/vscode/.m2/repository/org/bytedeco/javacpp-presets/artoolkitplus/2.3.1-1.4.2/artoolkitplus-2.3.1-1.4.2-linux-armhf.jar:/home/vscode/.m2/repository/org/bytedeco/javacpp-presets/artoolkitplus/2.3.1-1.4.2/artoolkitplus-2.3.1-1.4.2-linux-ppc64le.jar:/home/vscode/.m2/repository/org/bytedeco/javacpp-presets/artoolkitplus/2.3.1-1.4.2/artoolkitplus-2.3.1-1.4.2-macosx-x86_64.jar:/home/vscode/.m2/repository/org/bytedeco/javacpp-presets/artoolkitplus/2.3.1-1.4.2/artoolkitplus-2.3.1-1.4.2-windows-x86.jar:/home/vscode/.m2/repository/org/bytedeco/javacpp-presets/artoolkitplus/2.3.1-1.4.2/artoolkitplus-2.3.1-1.4.2-windows-x86_64.jar:/home/vscode/.m2/repository/org/bytedeco/javacpp-presets/flandmark-platform/1.07-1.4.2/flandmark-platform-1.07-1.4.2.jar:/home/vscode/.m2/repository/org/bytedeco/javacpp-presets/flandmark/1.07-1.4.2/flandmark-1.07-1.4.2-android-arm.jar:/home/vscode/.m2/repository/org/bytedeco/javacpp-presets/flandmark/1.07-1.4.2/flandmark-1.07-1.4.2-android-arm64.jar:/home/vscode/.m2/repository/org/bytedeco/javacpp-presets/flandmark/1.07-1.4.2/flandmark-1.07-1.4.2-android-x86.jar:/home/vscode/.m2/repository/org/bytedeco/javacpp-presets/flandmark/1.07-1.4.2/flandmark-1.07-1.4.2-android-x86_64.jar:/home/vscode/.m2/repository/org/bytedeco/javacpp-presets/flandmark/1.07-1.4.2/flandmark-1.07-1.4.2-linux-x86.jar:/home/vscode/.m2/repository/org/bytedeco/javacpp-presets/flandmark/1.07-1.4.2/flandmark-1.07-1.4.2-linux-x86_64.jar:/home/vscode/.m2/repository/org/bytedeco/javacpp-presets/flandmark/1.07-1.4.2/flandmark-1.07-1.4.2-linux-armhf.jar:/home/vscode/.m2/repository/org/bytedeco/javacpp-presets/flandmark/1.07-1.4.2/flandmark-1.07-1.4.2-linux-ppc64le.jar:/home/vscode/.m2/repository/org/bytedeco/javacpp-presets/flandmark/1.07-1.4.2/flandmark-1.07-1.4.2-macosx-x86_64.jar:/home/vscode/.m2/repository/org/bytedeco/javacpp-presets/flandmark/1.07-1.4.2/flandmark-1.07-1.4.2-windows-x86.jar:/home/vscode/.m2/repository/org/bytedeco/javacpp-presets/flandmark/1.07-1.4.2/flandmark-1.07-1.4.2-windows-x86_64.jar:/home/vscode/.m2/repository/org/bytedeco/javacpp-presets/leptonica-platform/1.76.0-1.4.2/leptonica-platform-1.76.0-1.4.2.jar:/home/vscode/.m2/repository/org/bytedeco/javacpp-presets/leptonica/1.76.0-1.4.2/leptonica-1.76.0-1.4.2-android-arm.jar:/home/vscode/.m2/repository/org/bytedeco/javacpp-presets/leptonica/1.76.0-1.4.2/leptonica-1.76.0-1.4.2-android-arm64.jar:/home/vscode/.m2/repository/org/bytedeco/javacpp-presets/leptonica/1.76.0-1.4.2/leptonica-1.76.0-1.4.2-android-x86.jar:/home/vscode/.m2/repository/org/bytedeco/javacpp-presets/leptonica/1.76.0-1.4.2/leptonica-1.76.0-1.4.2-android-x86_64.jar:/home/vscode/.m2/repository/org/bytedeco/javacpp-presets/leptonica/1.76.0-1.4.2/leptonica-1.76.0-1.4.2-linux-x86.jar:/home/vscode/.m2/repository/org/bytedeco/javacpp-presets/leptonica/1.76.0-1.4.2/leptonica-1.76.0-1.4.2-linux-x86_64.jar:/home/vscode/.m2/repository/org/bytedeco/javacpp-presets/leptonica/1.76.0-1.4.2/leptonica-1.76.0-1.4.2-linux-armhf.jar:/home/vscode/.m2/repository/org/bytedeco/javacpp-presets/leptonica/1.76.0-1.4.2/leptonica-1.76.0-1.4.2-linux-ppc64le.jar:/home/vscode/.m2/repository/org/bytedeco/javacpp-presets/leptonica/1.76.0-1.4.2/leptonica-1.76.0-1.4.2-macosx-x86_64.jar:/home/vscode/.m2/repository/org/bytedeco/javacpp-presets/leptonica/1.76.0-1.4.2/leptonica-1.76.0-1.4.2-windows-x86.jar:/home/vscode/.m2/repository/org/bytedeco/javacpp-presets/leptonica/1.76.0-1.4.2/leptonica-1.76.0-1.4.2-windows-x86_64.jar:/home/vscode/.m2/repository/org/bytedeco/javacpp-presets/tesseract-platform/4.0.0-beta.3-1.4.2/tesseract-platform-4.0.0-beta.3-1.4.2.jar:/home/vscode/.m2/repository/org/bytedeco/javacpp-presets/tesseract/4.0.0-beta.3-1.4.2/tesseract-4.0.0-beta.3-1.4.2-android-arm.jar:/home/vscode/.m2/repository/org/bytedeco/javacpp-presets/tesseract/4.0.0-beta.3-1.4.2/tesseract-4.0.0-beta.3-1.4.2-android-arm64.jar:/home/vscode/.m2/repository/org/bytedeco/javacpp-presets/tesseract/4.0.0-beta.3-1.4.2/tesseract-4.0.0-beta.3-1.4.2-android-x86.jar:/home/vscode/.m2/repository/org/bytedeco/javacpp-presets/tesseract/4.0.0-beta.3-1.4.2/tesseract-4.0.0-beta.3-1.4.2-android-x86_64.jar:/home/vscode/.m2/repository/org/bytedeco/javacpp-presets/tesseract/4.0.0-beta.3-1.4.2/tesseract-4.0.0-beta.3-1.4.2-linux-x86.jar:/home/vscode/.m2/repository/org/bytedeco/javacpp-presets/tesseract/4.0.0-beta.3-1.4.2/tesseract-4.0.0-beta.3-1.4.2-linux-x86_64.jar:/home/vscode/.m2/repository/org/bytedeco/javacpp-presets/tesseract/4.0.0-beta.3-1.4.2/tesseract-4.0.0-beta.3-1.4.2-linux-armhf.jar:/home/vscode/.m2/repository/org/bytedeco/javacpp-presets/tesseract/4.0.0-beta.3-1.4.2/tesseract-4.0.0-beta.3-1.4.2-linux-ppc64le.jar:/home/vscode/.m2/repository/org/bytedeco/javacpp-presets/tesseract/4.0.0-beta.3-1.4.2/tesseract-4.0.0-beta.3-1.4.2-macosx-x86_64.jar:/home/vscode/.m2/repository/org/bytedeco/javacpp-presets/tesseract/4.0.0-beta.3-1.4.2/tesseract-4.0.0-beta.3-1.4.2-windows-x86.jar:/home/vscode/.m2/repository/org/bytedeco/javacpp-presets/tesseract/4.0.0-beta.3-1.4.2/tesseract-4.0.0-beta.3-1.4.2-windows-x86_64.jar:/home/vscode/.m2/repository/org/bytedeco/javacpp-presets/opencv-platform/3.4.2-1.4.2/opencv-platform-3.4.2-1.4.2.jar:/home/vscode/.m2/repository/org/bytedeco/javacpp-presets/opencv/3.4.2-1.4.2/opencv-3.4.2-1.4.2.jar:/home/vscode/.m2/repository/org/bytedeco/javacpp-presets/opencv/3.4.2-1.4.2/opencv-3.4.2-1.4.2-android-arm.jar:/home/vscode/.m2/repository/org/bytedeco/javacpp-presets/opencv/3.4.2-1.4.2/opencv-3.4.2-1.4.2-android-arm64.jar:/home/vscode/.m2/repository/org/bytedeco/javacpp-presets/opencv/3.4.2-1.4.2/opencv-3.4.2-1.4.2-android-x86.jar:/home/vscode/.m2/repository/org/bytedeco/javacpp-presets/opencv/3.4.2-1.4.2/opencv-3.4.2-1.4.2-android-x86_64.jar:/home/vscode/.m2/repository/org/bytedeco/javacpp-presets/opencv/3.4.2-1.4.2/opencv-3.4.2-1.4.2-ios-arm64.jar:/home/vscode/.m2/repository/org/bytedeco/javacpp-presets/opencv/3.4.2-1.4.2/opencv-3.4.2-1.4.2-ios-x86_64.jar:/home/vscode/.m2/repository/org/bytedeco/javacpp-presets/opencv/3.4.2-1.4.2/opencv-3.4.2-1.4.2-linux-x86.jar:/home/vscode/.m2/repository/org/bytedeco/javacpp-presets/opencv/3.4.2-1.4.2/opencv-3.4.2-1.4.2-linux-x86_64.jar:/home/vscode/.m2/repository/org/bytedeco/javacpp-presets/opencv/3.4.2-1.4.2/opencv-3.4.2-1.4.2-linux-armhf.jar:/home/vscode/.m2/repository/org/bytedeco/javacpp-presets/opencv/3.4.2-1.4.2/opencv-3.4.2-1.4.2-linux-ppc64le.jar:/home/vscode/.m2/repository/org/bytedeco/javacpp-presets/opencv/3.4.2-1.4.2/opencv-3.4.2-1.4.2-macosx-x86_64.jar:/home/vscode/.m2/repository/org/bytedeco/javacpp-presets/opencv/3.4.2-1.4.2/opencv-3.4.2-1.4.2-windows-x86.jar:/home/vscode/.m2/repository/org/bytedeco/javacpp-presets/opencv/3.4.2-1.4.2/opencv-3.4.2-1.4.2-windows-x86_64.jar:/home/vscode/.m2/repository/org/bytedeco/javacpp-presets/ffmpeg-platform/4.0.1-1.4.2/ffmpeg-platform-4.0.1-1.4.2.jar:/home/vscode/.m2/repository/org/bytedeco/javacpp-presets/ffmpeg/4.0.1-1.4.2/ffmpeg-4.0.1-1.4.2.jar:/home/vscode/.m2/repository/org/bytedeco/javacpp-presets/ffmpeg/4.0.1-1.4.2/ffmpeg-4.0.1-1.4.2-android-arm.jar:/home/vscode/.m2/repository/org/bytedeco/javacpp-presets/ffmpeg/4.0.1-1.4.2/ffmpeg-4.0.1-1.4.2-android-arm64.jar:/home/vscode/.m2/repository/org/bytedeco/javacpp-presets/ffmpeg/4.0.1-1.4.2/ffmpeg-4.0.1-1.4.2-android-x86.jar:/home/vscode/.m2/repository/org/bytedeco/javacpp-presets/ffmpeg/4.0.1-1.4.2/ffmpeg-4.0.1-1.4.2-android-x86_64.jar:/home/vscode/.m2/repository/org/bytedeco/javacpp-presets/ffmpeg/4.0.1-1.4.2/ffmpeg-4.0.1-1.4.2-linux-x86.jar:/home/vscode/.m2/repository/org/bytedeco/javacpp-presets/ffmpeg/4.0.1-1.4.2/ffmpeg-4.0.1-1.4.2-linux-x86_64.jar:/home/vscode/.m2/repository/org/bytedeco/javacpp-presets/ffmpeg/4.0.1-1.4.2/ffmpeg-4.0.1-1.4.2-linux-armhf.jar:/home/vscode/.m2/repository/org/bytedeco/javacpp-presets/ffmpeg/4.0.1-1.4.2/ffmpeg-4.0.1-1.4.2-linux-ppc64le.jar:/home/vscode/.m2/repository/org/bytedeco/javacpp-presets/ffmpeg/4.0.1-1.4.2/ffmpeg-4.0.1-1.4.2-macosx-x86_64.jar:/home/vscode/.m2/repository/org/bytedeco/javacpp-presets/ffmpeg/4.0.1-1.4.2/ffmpeg-4.0.1-1.4.2-windows-x86.jar:/home/vscode/.m2/repository/org/bytedeco/javacpp-presets/ffmpeg/4.0.1-1.4.2/ffmpeg-4.0.1-1.4.2-windows-x86_64.jar:"/>
    <property name="sun.cpu.endian" value="little"/>
    <property name="user.home" value="/home/vscode"/>
    <property name="user.language" value="en"/>
    <property name="java.specification.vendor" value="Oracle Corporation"/>
    <property name="java.version.date" value="2023-10-17"/>
    <property name="java.home" value="/usr/lib/jvm/msopenjdk-current"/>
    <property name="file.separator" value="/"/>
    <property name="basedir" value="/workspaces/JavaMap/javamap_project"/>
    <property name="java.vm.compressedOopsMode" value="Zero based"/>
    <property name="line.separator" value="&#10;"/>
    <property name="java.vm.specification.vendor" value="Oracle Corporation"/>
    <property name="java.specification.name" value="Java Platform API Specification"/>
    <property name="surefire.real.class.path" value="/workspaces/JavaMap/javamap_project/target/surefire/surefirebooter1729566503467284000.jar"/>
    <property name="sun.management.compiler" value="HotSpot 64-Bit Tiered Compilers"/>
    <property name="java.runtime.version" value="17.0.9+8-LTS"/>
    <property name="user.name" value="vscode"/>
    <property name="path.separator" value=":"/>
    <property name="os.version" value="5.10.16.3-microsoft-standard-WSL2"/>
    <property name="java.runtime.name" value="OpenJDK Runtime Environment"/>
    <property name="file.encoding" value="UTF-8"/>
    <property name="java.vm.name" value="OpenJDK 64-Bit Server VM"/>
    <property name="java.vendor.version" value="Microsoft-8552009"/>
    <property name="localRepository" value="/home/vscode/.m2/repository"/>
    <property name="java.vendor.url.bug" value="https://github.com/microsoft/openjdk/issues"/>
    <property name="java.io.tmpdir" value="/tmp"/>
    <property name="java.version" value="17.0.9"/>
    <property name="user.dir" value="/workspaces/JavaMap/javamap_project"/>
    <property name="os.arch" value="amd64"/>
    <property name="java.vm.specification.name" value="Java Virtual Machine Specification"/>
    <property name="native.encoding" value="UTF-8"/>
    <property name="java.library.path" value="/usr/java/packages/lib:/usr/lib64:/lib64:/lib:/usr/lib"/>
    <property name="java.vm.info" value="mixed mode, sharing"/>
    <property name="java.vendor" value="Microsoft"/>
    <property name="java.vm.version" value="17.0.9+8-LTS"/>
    <property name="sun.io.unicode.encoding" value="UnicodeLittle"/>
    <property name="java.class.version" value="61.0"/>
  </properties>
  <testcase name="shouldAnswerWithTrue" classname="com.shin.AppTest" time="0.002"/>
</testsuite>